<?xml version="1.0" encoding="UTF-8"?>
<!-- Generated by org.testng.reporters.JUnitReportReporter -->
<testsuite skipped="0" hostname="DESKTOP-9M665SQ" name="basicfeatures.NewTest" tests="1" failures="0" timestamp="2019-12-12T09:04:34 IST" time="11.546" errors="0">
  <testcase name="f" time="11.546" classname="basicfeatures.NewTest"/>
</testsuite> <!-- basicfeatures.NewTest -->
