<?xml version="1.0" encoding="UTF-8"?>
<!-- Generated by org.testng.reporters.JUnitReportReporter -->
<testsuite skipped="0" hostname="DESKTOP-9M665SQ" name="basicfeatures.Usingdataprovider" tests="3" failures="0" timestamp="2019-12-12T10:15:38 IST" time="52.745" errors="0">
  <testcase name="first" time="15.480" classname="basicfeatures.Usingdataprovider"/>
  <testcase name="first" time="18.859" classname="basicfeatures.Usingdataprovider"/>
  <testcase name="first" time="18.406" classname="basicfeatures.Usingdataprovider"/>
</testsuite> <!-- basicfeatures.Usingdataprovider -->
