<?xml version="1.0" encoding="UTF-8"?>
<!-- Generated by org.testng.reporters.JUnitReportReporter -->
<testsuite skipped="0" hostname="DESKTOP-9M665SQ" name="basicfeatures.checkannotations" tests="2" failures="0" timestamp="2019-12-12T09:53:19 IST" time="34.001" errors="0">
  <testcase name="second" time="18.861" classname="basicfeatures.checkannotations"/>
  <testcase name="first" time="15.140" classname="basicfeatures.checkannotations"/>
</testsuite> <!-- basicfeatures.checkannotations -->
