<?xml version="1.0" encoding="UTF-8"?>
<!-- Generated by org.testng.reporters.JUnitReportReporter -->
<testsuite skipped="0" hostname="DESKTOP-9M665SQ" name="basicfeatures.checkannotations1" tests="1" failures="0" timestamp="2019-12-14T23:34:55 IST" time="5.209" errors="0">
  <testcase name="first" time="5.209" classname="basicfeatures.checkannotations1"/>
</testsuite> <!-- basicfeatures.checkannotations1 -->
