<?xml version="1.0" encoding="UTF-8"?>
<!-- Generated by org.testng.reporters.JUnitReportReporter -->
<testsuite skipped="0" hostname="DESKTOP-9M665SQ" name="getweather.Getweatherdata" tests="1" failures="0" timestamp="2019-12-23T01:33:24 IST" time="2.556" errors="0">
  <testcase name="getresponsecode" time="2.556" classname="getweather.Getweatherdata"/>
</testsuite> <!-- getweather.Getweatherdata -->
